{"/Users/carlos/Documents/DAM/2/DESIN/whatsapp/src/App.js": {"path":"/Users/carlos/Documents/DAM/2/DESIN/whatsapp/src/App.js","statementMap":{"0":{"start":{"line":9,"column":2},"end":{"line":19,"column":4}}},"fnMap":{"0":{"name":"App","decl":{"start":{"line":8,"column":9},"end":{"line":8,"column":12}},"loc":{"start":{"line":8,"column":15},"end":{"line":20,"column":1}},"line":8}},"branchMap":{},"s":{"0":1},"f":{"0":1},"b":{},"_coverageSchema":"1a1c01bbd47fc00a2c39e90264f33305004495a9","hash":"53cac94b139c7d6528dcb3a7abf879cae6388e0d"}
,"/Users/carlos/Documents/DAM/2/DESIN/whatsapp/src/index.js": {"path":"/Users/carlos/Documents/DAM/2/DESIN/whatsapp/src/index.js","statementMap":{"0":{"start":{"line":8,"column":13},"end":{"line":8,"column":65}},"1":{"start":{"line":9,"column":0},"end":{"line":13,"column":2}},"2":{"start":{"line":18,"column":0},"end":{"line":18,"column":18}}},"fnMap":{},"branchMap":{},"s":{"0":0,"1":0,"2":0},"f":{},"b":{}}
,"/Users/carlos/Documents/DAM/2/DESIN/whatsapp/src/components/ContactoChat.js": {"path":"/Users/carlos/Documents/DAM/2/DESIN/whatsapp/src/components/ContactoChat.js","statementMap":{"0":{"start":{"line":8,"column":21},"end":{"line":8,"column":32}},"1":{"start":{"line":9,"column":23},"end":{"line":9,"column":46}},"2":{"start":{"line":11,"column":18},"end":{"line":11,"column":61}},"3":{"start":{"line":11,"column":39},"end":{"line":11,"column":60}},"4":{"start":{"line":13,"column":2},"end":{"line":15,"column":3}},"5":{"start":{"line":14,"column":4},"end":{"line":14,"column":46}},"6":{"start":{"line":17,"column":28},"end":{"line":17,"column":111}},"7":{"start":{"line":17,"column":65},"end":{"line":17,"column":110}},"8":{"start":{"line":19,"column":2},"end":{"line":42,"column":3}},"9":{"start":{"line":29,"column":29},"end":{"line":29,"column":64}},"10":{"start":{"line":30,"column":12},"end":{"line":36,"column":13}}},"fnMap":{"0":{"name":"ContactoChat","decl":{"start":{"line":6,"column":9},"end":{"line":6,"column":21}},"loc":{"start":{"line":6,"column":24},"end":{"line":43,"column":1}},"line":6},"1":{"name":"(anonymous_1)","decl":{"start":{"line":11,"column":32},"end":{"line":11,"column":33}},"loc":{"start":{"line":11,"column":39},"end":{"line":11,"column":60}},"line":11},"2":{"name":"(anonymous_2)","decl":{"start":{"line":17,"column":55},"end":{"line":17,"column":56}},"loc":{"start":{"line":17,"column":65},"end":{"line":17,"column":110}},"line":17},"3":{"name":"(anonymous_3)","decl":{"start":{"line":28,"column":33},"end":{"line":28,"column":34}},"loc":{"start":{"line":28,"column":53},"end":{"line":37,"column":11}},"line":28}},"branchMap":{"0":{"loc":{"start":{"line":13,"column":2},"end":{"line":15,"column":3}},"type":"if","locations":[{"start":{"line":13,"column":2},"end":{"line":15,"column":3}},{"start":{},"end":{}}],"line":13},"1":{"loc":{"start":{"line":31,"column":52},"end":{"line":31,"column":106}},"type":"cond-expr","locations":[{"start":{"line":31,"column":63},"end":{"line":31,"column":84}},{"start":{"line":31,"column":87},"end":{"line":31,"column":106}}],"line":31}},"s":{"0":2,"1":2,"2":2,"3":2,"4":2,"5":1,"6":1,"7":1,"8":1,"9":2,"10":2},"f":{"0":2,"1":2,"2":1,"3":2},"b":{"0":[1,1],"1":[1,1]},"_coverageSchema":"1a1c01bbd47fc00a2c39e90264f33305004495a9","hash":"65ecf9b2fab4a5b5e466b7b7a7504726f2292132"}
,"/Users/carlos/Documents/DAM/2/DESIN/whatsapp/src/components/ContactoList.js": {"path":"/Users/carlos/Documents/DAM/2/DESIN/whatsapp/src/components/ContactoList.js","statementMap":{"0":{"start":{"line":8,"column":23},"end":{"line":8,"column":46}},"1":{"start":{"line":10,"column":2},"end":{"line":31,"column":3}},"2":{"start":{"line":15,"column":12},"end":{"line":26,"column":27}}},"fnMap":{"0":{"name":"ContactoList","decl":{"start":{"line":6,"column":9},"end":{"line":6,"column":21}},"loc":{"start":{"line":6,"column":24},"end":{"line":32,"column":1}},"line":6},"1":{"name":"(anonymous_1)","decl":{"start":{"line":14,"column":24},"end":{"line":14,"column":25}},"loc":{"start":{"line":15,"column":12},"end":{"line":26,"column":27}},"line":15}},"branchMap":{},"s":{"0":2,"1":2,"2":2},"f":{"0":2,"1":2},"b":{},"_coverageSchema":"1a1c01bbd47fc00a2c39e90264f33305004495a9","hash":"f4f4572981688b3950c0cf4bc8a273f79e0f58a5"}
,"/Users/carlos/Documents/DAM/2/DESIN/whatsapp/src/components/NavBarComponent.js": {"path":"/Users/carlos/Documents/DAM/2/DESIN/whatsapp/src/components/NavBarComponent.js","statementMap":{"0":{"start":{"line":8,"column":25},"end":{"line":8,"column":48}},"1":{"start":{"line":9,"column":29},"end":{"line":9,"column":79}},"2":{"start":{"line":9,"column":59},"end":{"line":9,"column":69}},"3":{"start":{"line":11,"column":4},"end":{"line":30,"column":5}},"4":{"start":{"line":23,"column":32},"end":{"line":23,"column":131}}},"fnMap":{"0":{"name":"NavBarComponent","decl":{"start":{"line":6,"column":9},"end":{"line":6,"column":24}},"loc":{"start":{"line":6,"column":27},"end":{"line":31,"column":1}},"line":6},"1":{"name":"(anonymous_1)","decl":{"start":{"line":9,"column":54},"end":{"line":9,"column":55}},"loc":{"start":{"line":9,"column":59},"end":{"line":9,"column":69}},"line":9},"2":{"name":"(anonymous_2)","decl":{"start":{"line":22,"column":50},"end":{"line":22,"column":51}},"loc":{"start":{"line":23,"column":32},"end":{"line":23,"column":131}},"line":23}},"branchMap":{},"s":{"0":2,"1":2,"2":2,"3":2,"4":2},"f":{"0":2,"1":2,"2":2},"b":{},"_coverageSchema":"1a1c01bbd47fc00a2c39e90264f33305004495a9","hash":"47936549d487729b2990d0b1335f7f3b0415c461"}
,"/Users/carlos/Documents/DAM/2/DESIN/whatsapp/src/context/MessContext.js": {"path":"/Users/carlos/Documents/DAM/2/DESIN/whatsapp/src/context/MessContext.js","statementMap":{"0":{"start":{"line":3,"column":27},"end":{"line":3,"column":42}},"1":{"start":{"line":5,"column":28},"end":{"line":23,"column":1}},"2":{"start":{"line":7,"column":36},"end":{"line":7,"column":48}},"3":{"start":{"line":9,"column":4},"end":{"line":16,"column":11}},"4":{"start":{"line":10,"column":30},"end":{"line":14,"column":9}},"5":{"start":{"line":11,"column":29},"end":{"line":11,"column":58}},"6":{"start":{"line":12,"column":25},"end":{"line":12,"column":46}},"7":{"start":{"line":13,"column":12},"end":{"line":13,"column":36}},"8":{"start":{"line":15,"column":8},"end":{"line":15,"column":24}},"9":{"start":{"line":18,"column":4},"end":{"line":22,"column":5}}},"fnMap":{"0":{"name":"(anonymous_0)","decl":{"start":{"line":5,"column":28},"end":{"line":5,"column":29}},"loc":{"start":{"line":5,"column":46},"end":{"line":23,"column":1}},"line":5},"1":{"name":"(anonymous_1)","decl":{"start":{"line":9,"column":14},"end":{"line":9,"column":15}},"loc":{"start":{"line":9,"column":20},"end":{"line":16,"column":5}},"line":9},"2":{"name":"(anonymous_2)","decl":{"start":{"line":10,"column":30},"end":{"line":10,"column":31}},"loc":{"start":{"line":10,"column":41},"end":{"line":14,"column":9}},"line":10}},"branchMap":{},"s":{"0":5,"1":5,"2":4,"3":4,"4":3,"5":3,"6":1,"7":1,"8":3,"9":4},"f":{"0":4,"1":3,"2":3},"b":{},"_coverageSchema":"1a1c01bbd47fc00a2c39e90264f33305004495a9","hash":"fe147fccef140bfd917bceba27455357ca6f2245"}
}
