TN:
SF:src/App.js
FN:8,App
FNF:1
FNH:1
FNDA:1,App
DA:9,1
LF:1
LH:1
BRF:0
BRH:0
end_of_record
TN:
SF:src/index.js
FNF:0
FNH:0
DA:8,0
DA:9,0
DA:18,0
LF:3
LH:0
BRF:0
BRH:0
end_of_record
TN:
SF:src/components/ContactoChat.js
FN:6,ContactoChat
FN:11,(anonymous_1)
FN:17,(anonymous_2)
FN:28,(anonymous_3)
FNF:4
FNH:4
FNDA:2,ContactoChat
FNDA:2,(anonymous_1)
FNDA:1,(anonymous_2)
FNDA:2,(anonymous_3)
DA:8,2
DA:9,2
DA:11,2
DA:13,2
DA:14,1
DA:17,1
DA:19,1
DA:29,2
DA:30,2
LF:9
LH:9
BRDA:13,0,0,1
BRDA:13,0,1,1
BRDA:31,1,0,1
BRDA:31,1,1,1
BRF:4
BRH:4
end_of_record
TN:
SF:src/components/ContactoList.js
FN:6,ContactoList
FN:14,(anonymous_1)
FNF:2
FNH:2
FNDA:2,ContactoList
FNDA:2,(anonymous_1)
DA:8,2
DA:10,2
DA:15,2
LF:3
LH:3
BRF:0
BRH:0
end_of_record
TN:
SF:src/components/NavBarComponent.js
FN:6,NavBarComponent
FN:9,(anonymous_1)
FN:22,(anonymous_2)
FNF:3
FNH:3
FNDA:2,NavBarComponent
FNDA:2,(anonymous_1)
FNDA:2,(anonymous_2)
DA:8,2
DA:9,2
DA:11,2
DA:23,2
LF:4
LH:4
BRF:0
BRH:0
end_of_record
TN:
SF:src/context/MessContext.js
FN:5,(anonymous_0)
FN:9,(anonymous_1)
FN:10,(anonymous_2)
FNF:3
FNH:3
FNDA:4,(anonymous_0)
FNDA:3,(anonymous_1)
FNDA:3,(anonymous_2)
DA:3,5
DA:5,5
DA:7,4
DA:9,4
DA:10,3
DA:11,3
DA:12,1
DA:13,1
DA:15,3
DA:18,4
LF:10
LH:10
BRF:0
BRH:0
end_of_record
